WARNING:Xst:647 - Input <huilVolume<4:0>> is never used. This port will be preserved and left unconnected if it belongs to a top-level block or it belongs to a sub-block and the hierarchy of this sub-block is preserved.
WARNING:Xst:647 - Input <hartslag<7:4>> is never used. This port will be preserved and left unconnected if it belongs to a top-level block or it belongs to a sub-block and the hierarchy of this sub-block is preserved.
WARNING:Xst:647 - Input <hartslag<0>> is never used. This port will be preserved and left unconnected if it belongs to a top-level block or it belongs to a sub-block and the hierarchy of this sub-block is preserved.
WARNING:Xst:1780 - Signal <huilOud> is never used or assigned. This unconnected signal will be trimmed during the optimization process.
WARNING:Xst:1780 - Signal <hartOud> is never used or assigned. This unconnected signal will be trimmed during the optimization process.
WARNING:Xst:653 - Signal <hartslag> is used but never assigned. This sourceless signal will be automatically connected to value 00000000.
WARNING:Xst:524 - All outputs of the instance <hart> of the block <hartRitme> are unconnected in block <totaal>.
WARNING:Xst:2677 - Node <huilVolume_0> of sequential type is unconnected in block <huil>.
WARNING:Xst:2677 - Node <huilVolume_1> of sequential type is unconnected in block <huil>.
WARNING:Xst:2677 - Node <huilVolume_2> of sequential type is unconnected in block <huil>.
WARNING:Xst:2677 - Node <huilVolume_3> of sequential type is unconnected in block <huil>.
WARNING:Xst:2677 - Node <huilVolume_4> of sequential type is unconnected in block <huil>.
WARNING:Xst:2677 - Node <huil/huilVolume_4> of sequential type is unconnected in block <totaal>.
WARNING:Xst:2677 - Node <huil/huilVolume_3> of sequential type is unconnected in block <totaal>.
WARNING:Xst:2677 - Node <huil/huilVolume_2> of sequential type is unconnected in block <totaal>.
WARNING:Xst:2677 - Node <huil/huilVolume_1> of sequential type is unconnected in block <totaal>.
WARNING:Xst:2677 - Node <huil/huilVolume_0> of sequential type is unconnected in block <totaal>.
WARNING:Xst:1710 - FF/Latch <crtl/stress/huilOut> (without init value) has a constant value of 0 in block <totaal>. This FF/Latch will be trimmed during the optimization process.
WARNING:Xst:1710 - FF/Latch <crtl/stress/hartOut> (without init value) has a constant value of 0 in block <totaal>. This FF/Latch will be trimmed during the optimization process.
WARNING:Xst:1710 - FF/Latch <crtl/pathfind/wrong> (without init value) has a constant value of 0 in block <totaal>. This FF/Latch will be trimmed during the optimization process.
